<?xml version="1.0" encoding="utf-8" standalone="no"?>
<test-results xmlns:xsi="http://www.w3.org/2001/XMLSchema-instance" xsi:noNamespaceSchemaLocation="nunit_schema_2.5.xsd" name="Pester" total="16" errors="0" failures="0" not-run="0" inconclusive="0" ignored="0" skipped="0" invalid="0" date="2026-04-19" time="07:44:33">
  <environment platform="Microsoft Windows 11 Pro|C:\WINDOWS|\Device\Harddisk2\Partition3" user="Valgrind" machine-name="DESKTOP-PHYSICA" clr-version="9.0.14" user-domain="DESKTOP-PHYSICA" cwd="C:\dev\github.com\eigenverft\Eigenverft.Manifested.Sandbox" os-version="10.0.26200" nunit-version="2.5.8.0" />
  <culture-info current-culture="de-DE" current-uiculture="en-US" />
  <test-suite type="TestFixture" name="Pester" executed="True" result="Success" success="True" time="2.7212" asserts="0" description="Pester">
    <results>
      <test-suite type="TestFixture" name="C:\dev\github.com\eigenverft\Eigenverft.Manifested.Sandbox\src\prj\Eigenverft.Manifested.Sandbox.Test\Eigenverft.Manifested.Sandbox.Module.Tests.ps1" executed="True" result="Success" success="True" time="2.7212" asserts="0" description="C:\dev\github.com\eigenverft\Eigenverft.Manifested.Sandbox\src\prj\Eigenverft.Manifested.Sandbox.Test\Eigenverft.Manifested.Sandbox.Module.Tests.ps1">
        <results>
          <test-suite type="TestFixture" name="Eigenverft.Manifested.Sandbox PackageModel" executed="True" result="Success" success="True" time="2.3357" asserts="0" description="Eigenverft.Manifested.Sandbox PackageModel">
            <results>
              <test-case description="exports Invoke-PackageModel-VSCodeRuntime and keeps it parameterless" name="Eigenverft.Manifested.Sandbox PackageModel.exports Invoke-PackageModel-VSCodeRuntime and keeps it parameterless" time="0.2538" asserts="0" success="True" result="Success" executed="True" />
              <test-case description="loads the shipped global config without baked-in environment sources" name="Eigenverft.Manifested.Sandbox PackageModel.loads the shipped global config without baked-in environment sources" time="0.0409" asserts="0" success="True" result="Success" executed="True" />
              <test-case description="fails clearly when the shipped global config still defines vsCodeUpdateService as an environment source" name="Eigenverft.Manifested.Sandbox PackageModel.fails clearly when the shipped global config still defines vsCodeUpdateService as an environment source" time="0.0639" asserts="0" success="True" result="Success" executed="True" />
              <test-case description="uses the default source inventory path when the env var is unset" name="Eigenverft.Manifested.Sandbox PackageModel.uses the default source inventory path when the env var is unset" time="0.0082" asserts="0" success="True" result="Success" executed="True" />
              <test-case description="loads source inventory from the env-var path and applies the inventory global overlay when no site code is set" name="Eigenverft.Manifested.Sandbox PackageModel.loads source inventory from the env-var path and applies the inventory global overlay when no site code is set" time="0.2769" asserts="0" success="True" result="Success" executed="True" />
              <test-case description="applies the site overlay on top of the inventory global overlay when site code is present" name="Eigenverft.Manifested.Sandbox PackageModel.applies the site overlay on top of the inventory global overlay when site code is present" time="0.0679" asserts="0" success="True" result="Success" executed="True" />
              <test-case description="resolves environment and definition source refs from the effective acquisition environment and upstream sources" name="Eigenverft.Manifested.Sandbox PackageModel.resolves environment and definition source refs from the effective acquisition environment and upstream sources" time="0.0689" asserts="0" success="True" result="Success" executed="True" />
              <test-case description="builds an effective release from releaseDefaults and uses ReleaseTrack in path resolution" name="Eigenverft.Manifested.Sandbox PackageModel.builds an effective release from releaseDefaults and uses ReleaseTrack in path resolution" time="0.3512" asserts="0" success="True" result="Success" executed="True" />
              <test-case description="resolves installRootRules for code.cmd and Code.exe" name="Eigenverft.Manifested.Sandbox PackageModel.resolves installRootRules for code.cmd and Code.exe" time="0.0232" asserts="0" success="True" result="Success" executed="True" />
              <test-case description="keeps installWorkspace and defaultPackageDepot distinct in the resolved paths" name="Eigenverft.Manifested.Sandbox PackageModel.keeps installWorkspace and defaultPackageDepot distinct in the resolved paths" time="0.0959" asserts="0" success="True" result="Success" executed="True" />
              <test-case description="hydrates the install workspace from the default package depot before upstream download" name="Eigenverft.Manifested.Sandbox PackageModel.hydrates the install workspace from the default package depot before upstream download" time="0.267" asserts="0" success="True" result="Success" executed="True" />
              <test-case description="adopts a valid external install when policy allows it" name="Eigenverft.Manifested.Sandbox PackageModel.adopts a valid external install when policy allows it" time="0.1576" asserts="0" success="True" result="Success" executed="True" />
              <test-case description="ignores a valid external install when managed ownership is required" name="Eigenverft.Manifested.Sandbox PackageModel.ignores a valid external install when managed ownership is required" time="0.1299" asserts="0" success="True" result="Success" executed="True" />
              <test-case description="reuses a managed install when the ownership record matches the install slot and current release" name="Eigenverft.Manifested.Sandbox PackageModel.reuses a managed install when the ownership record matches the install slot and current release" time="0.1267" asserts="0" success="True" result="Success" executed="True" />
              <test-case description="writes ownership records keyed by install slot and updates current release metadata" name="Eigenverft.Manifested.Sandbox PackageModel.writes ownership records keyed by install slot and updates current release metadata" time="0.0639" asserts="0" success="True" result="Success" executed="True" />
              <test-case description="resolves source inventory absence as no additional environment sources" name="Eigenverft.Manifested.Sandbox PackageModel.resolves source inventory absence as no additional environment sources" time="0.036" asserts="0" success="True" result="Success" executed="True" />
            </results>
          </test-suite>
        </results>
      </test-suite>
    </results>
  </test-suite>
</test-results>