<?xml version="1.0" encoding="utf-8" standalone="no"?>
<test-results xmlns:xsi="http://www.w3.org/2001/XMLSchema-instance" xsi:noNamespaceSchemaLocation="nunit_schema_2.5.xsd" name="Pester" total="32" errors="0" failures="0" not-run="0" inconclusive="0" ignored="0" skipped="0" invalid="0" date="2026-04-20" time="06:05:22">
  <environment user="Valgrind" clr-version="9.0.14" machine-name="DESKTOP-PHYSICA" cwd="C:\dev\github.com\eigenverft\Eigenverft.Manifested.Sandbox" os-version="10.0.26200" nunit-version="2.5.8.0" user-domain="DESKTOP-PHYSICA" platform="Microsoft Windows 11 Pro|C:\WINDOWS|\Device\Harddisk2\Partition3" />
  <culture-info current-culture="de-DE" current-uiculture="en-US" />
  <test-suite type="TestFixture" name="Pester" executed="True" result="Success" success="True" time="4.5672" asserts="0" description="Pester">
    <results>
      <test-suite type="TestFixture" name="C:\dev\github.com\eigenverft\Eigenverft.Manifested.Sandbox\src\prj\Eigenverft.Manifested.Sandbox.Test\Eigenverft.Manifested.Sandbox.Module.Tests.ps1" executed="True" result="Success" success="True" time="4.5672" asserts="0" description="C:\dev\github.com\eigenverft\Eigenverft.Manifested.Sandbox\src\prj\Eigenverft.Manifested.Sandbox.Test\Eigenverft.Manifested.Sandbox.Module.Tests.ps1">
        <results>
          <test-suite type="TestFixture" name="Eigenverft.Manifested.Sandbox PackageModel" executed="True" result="Success" success="True" time="4.1452" asserts="0" description="Eigenverft.Manifested.Sandbox PackageModel">
            <results>
              <test-case description="exports Invoke-PackageModel-VSCodeRuntime and keeps it parameterless" name="Eigenverft.Manifested.Sandbox PackageModel.exports Invoke-PackageModel-VSCodeRuntime and keeps it parameterless" time="0.2841" asserts="0" success="True" result="Success" executed="True" />
              <test-case description="loads the shipped global config without baked-in environment sources" name="Eigenverft.Manifested.Sandbox PackageModel.loads the shipped global config without baked-in environment sources" time="0.024" asserts="0" success="True" result="Success" executed="True" />
              <test-case description="fails clearly when the shipped global config still defines vsCodeUpdateService as an environment source" name="Eigenverft.Manifested.Sandbox PackageModel.fails clearly when the shipped global config still defines vsCodeUpdateService as an environment source" time="0.0723" asserts="0" success="True" result="Success" executed="True" />
              <test-case description="fails clearly when a definition still uses requireManagedOwnership" name="Eigenverft.Manifested.Sandbox PackageModel.fails clearly when a definition still uses requireManagedOwnership" time="0.0784" asserts="0" success="True" result="Success" executed="True" />
              <test-case description="fails clearly when a definition is missing schemaVersion" name="Eigenverft.Manifested.Sandbox PackageModel.fails clearly when a definition is missing schemaVersion" time="0.027" asserts="0" success="True" result="Success" executed="True" />
              <test-case description="fails clearly when a definition still uses requirements.packages" name="Eigenverft.Manifested.Sandbox PackageModel.fails clearly when a definition still uses requirements.packages" time="0.0292" asserts="0" success="True" result="Success" executed="True" />
              <test-case description="uses the default source inventory path when the env var is unset" name="Eigenverft.Manifested.Sandbox PackageModel.uses the default source inventory path when the env var is unset" time="0.0091" asserts="0" success="True" result="Success" executed="True" />
              <test-case description="loads source inventory from the env-var path and applies the inventory global overlay when no site code is set" name="Eigenverft.Manifested.Sandbox PackageModel.loads source inventory from the env-var path and applies the inventory global overlay when no site code is set" time="0.2447" asserts="0" success="True" result="Success" executed="True" />
              <test-case description="applies the site overlay on top of the inventory global overlay when site code is present" name="Eigenverft.Manifested.Sandbox PackageModel.applies the site overlay on top of the inventory global overlay when site code is present" time="0.0569" asserts="0" success="True" result="Success" executed="True" />
              <test-case description="rejects a selected release when requirements.checks are not satisfied" name="Eigenverft.Manifested.Sandbox PackageModel.rejects a selected release when requirements.checks are not satisfied" time="0.095" asserts="0" success="True" result="Success" executed="True" />
              <test-case description="resolves environment and definition source refs from the effective acquisition environment and upstream sources" name="Eigenverft.Manifested.Sandbox PackageModel.resolves environment and definition source refs from the effective acquisition environment and upstream sources" time="0.0516" asserts="0" success="True" result="Success" executed="True" />
              <test-case description="builds an effective release from releaseDefaults and uses ReleaseTrack in path resolution" name="Eigenverft.Manifested.Sandbox PackageModel.builds an effective release from releaseDefaults and uses ReleaseTrack in path resolution" time="0.3447" asserts="0" success="True" result="Success" executed="True" />
              <test-case description="writes resolved paths as separate console lines" name="Eigenverft.Manifested.Sandbox PackageModel.writes resolved paths as separate console lines" time="0.0952" asserts="0" success="True" result="Success" executed="True" />
              <test-case description="skips PATH registration when mode is none" name="Eigenverft.Manifested.Sandbox PackageModel.skips PATH registration when mode is none" time="0.0604" asserts="0" success="True" result="Success" executed="True" />
              <test-case description="registers a command entry point directory in Process and User PATH for user mode" name="Eigenverft.Manifested.Sandbox PackageModel.registers a command entry point directory in Process and User PATH for user mode" time="0.0931" asserts="0" success="True" result="Success" executed="True" />
              <test-case description="skips PATH registration for adopted external installs" name="Eigenverft.Manifested.Sandbox PackageModel.skips PATH registration for adopted external installs" time="0.0221" asserts="0" success="True" result="Success" executed="True" />
              <test-case description="removes stale PackageModel-owned paths for the same install slot before registering the active path" name="Eigenverft.Manifested.Sandbox PackageModel.removes stale PackageModel-owned paths for the same install slot before registering the active path" time="0.0738" asserts="0" success="True" result="Success" executed="True" />
              <test-case description="registers an install-relative directory in Process and Machine PATH for machine mode" name="Eigenverft.Manifested.Sandbox PackageModel.registers an install-relative directory in Process and Machine PATH for machine mode" time="0.0414" asserts="0" success="True" result="Success" executed="True" />
              <test-case description="fails clearly when shim PATH registration is requested" name="Eigenverft.Manifested.Sandbox PackageModel.fails clearly when shim PATH registration is requested" time="0.0086" asserts="0" success="True" result="Success" executed="True" />
              <test-case description="resolves installRootRules for code.cmd and Code.exe" name="Eigenverft.Manifested.Sandbox PackageModel.resolves installRootRules for code.cmd and Code.exe" time="0.0289" asserts="0" success="True" result="Success" executed="True" />
              <test-case description="keeps installWorkspace and defaultPackageDepot distinct in the resolved paths" name="Eigenverft.Manifested.Sandbox PackageModel.keeps installWorkspace and defaultPackageDepot distinct in the resolved paths" time="0.0948" asserts="0" success="True" result="Success" executed="True" />
              <test-case description="hydrates the install workspace from the default package depot before upstream download" name="Eigenverft.Manifested.Sandbox PackageModel.hydrates the install workspace from the default package depot before upstream download" time="0.2704" asserts="0" success="True" result="Success" executed="True" />
              <test-case description="uses packageFile.integrity when acquisition candidates only declare verification mode" name="Eigenverft.Manifested.Sandbox PackageModel.uses packageFile.integrity when acquisition candidates only declare verification mode" time="0.1431" asserts="0" success="True" result="Success" executed="True" />
              <test-case description="adopts a valid external install when policy allows it" name="Eigenverft.Manifested.Sandbox PackageModel.adopts a valid external install when policy allows it" time="0.202" asserts="0" success="True" result="Success" executed="True" />
              <test-case description="ignores a valid external install when managed ownership is required" name="Eigenverft.Manifested.Sandbox PackageModel.ignores a valid external install when managed ownership is required" time="0.1366" asserts="0" success="True" result="Success" executed="True" />
              <test-case description="reuses a managed install when the ownership record matches the install slot and current release" name="Eigenverft.Manifested.Sandbox PackageModel.reuses a managed install when the ownership record matches the install slot and current release" time="0.1558" asserts="0" success="True" result="Success" executed="True" />
              <test-case description="discovers and reuses the current managed install path even when ownership tracking is missing" name="Eigenverft.Manifested.Sandbox PackageModel.discovers and reuses the current managed install path even when ownership tracking is missing" time="0.1444" asserts="0" success="True" result="Success" executed="True" />
              <test-case description="marks a failed validation on the managed install path as a repaired managed install after reinstall" name="Eigenverft.Manifested.Sandbox PackageModel.marks a failed validation on the managed install path as a repaired managed install after reinstall" time="0.4731" asserts="0" success="True" result="Success" executed="True" />
              <test-case description="prefers Write-StandardMessage when it is available" name="Eigenverft.Manifested.Sandbox PackageModel.prefers Write-StandardMessage when it is available" time="0.0427" asserts="0" success="True" result="Success" executed="True" />
              <test-case description="falls back to Write-Host when Write-StandardMessage throws" name="Eigenverft.Manifested.Sandbox PackageModel.falls back to Write-Host when Write-StandardMessage throws" time="0.0489" asserts="0" success="True" result="Success" executed="True" />
              <test-case description="writes ownership records keyed by install slot and updates current release metadata" name="Eigenverft.Manifested.Sandbox PackageModel.writes ownership records keyed by install slot and updates current release metadata" time="0.059" asserts="0" success="True" result="Success" executed="True" />
              <test-case description="resolves source inventory absence as no additional environment sources" name="Eigenverft.Manifested.Sandbox PackageModel.resolves source inventory absence as no additional environment sources" time="0.0338" asserts="0" success="True" result="Success" executed="True" />
            </results>
          </test-suite>
        </results>
      </test-suite>
    </results>
  </test-suite>
</test-results>